<?xml version="1.0" encoding="UTF-8"?>
<testsuites name="Mocha Tests" time="1.258" tests="1" failures="0">
  <testsuite name="Root Suite" timestamp="2025-08-15T06:36:53" tests="0" file="cypress\e2e\secondTest.spec.js" time="0.000" failures="0">
  </testsuite>
  <testsuite name="Test log out" timestamp="2025-08-15T06:36:53" tests="1" time="1.258" failures="0">
    <testcase name="Test log out verify use can log out successfully" time="1.229" classname="verify use can log out successfully">
    </testcase>
  </testsuite>
</testsuites>