<?xml version="1.0" encoding="UTF-8"?>
<testsuites name="Mocha Tests" time="12.392" tests="5" failures="0">
  <testsuite name="Root Suite" timestamp="2025-08-15T06:36:39" tests="0" file="cypress\e2e\fisrtTest.spec.js" time="0.000" failures="0">
  </testsuite>
  <testsuite name="Test with the backend" timestamp="2025-08-15T06:36:39" tests="5" time="12.391" failures="0">
    <testcase name="Test with the backend Verify the request and response" time="4.651" classname="Verify the request and response">
    </testcase>
    <testcase name="Test with the backend Intercepting and modifying the request and response" time="2.224" classname="Intercepting and modifying the request and response">
    </testcase>
    <testcase name="Test with the backend Verify popular tags are displayed" time="0.557" classname="Verify popular tags are displayed">
    </testcase>
    <testcase name="Test with the backend Verify global feeds like count" time="0.856" classname="Verify global feeds like count">
    </testcase>
    <testcase name="Test with the backend delete a new article in a global feed" time="1.867" classname="delete a new article in a global feed">
    </testcase>
  </testsuite>
</testsuites>