<?xml version="1.0"?>
<testsuites>
<testsuite name="Root Suite" timestamp="2025-08-15T22:26:35" tests="0" file="cypress\e2e\fisrtTest.spec.js" time="0.000" failures="0"></testsuite>
<testsuite name="Test with the backend" timestamp="2025-08-15T22:26:35" tests="5" time="13.132" failures="0">
  
  <testcase name="Test with the backend Verify the request and response" time="6.044" classname="Verify the request and response"></testcase>
  
  <testcase name="Test with the backend Intercepting and modifying the request and response" time="2.966" classname="Intercepting and modifying the request and response"></testcase>
  
  <testcase name="Test with the backend Verify popular tags are displayed" time="0.785" classname="Verify popular tags are displayed"></testcase>
  
  <testcase name="Test with the backend Verify global feeds like count" time="0.898" classname="Verify global feeds like count"></testcase>
  
  <testcase name="Test with the backend delete a new article in a global feed" time="2.237" classname="delete a new article in a global feed"></testcase>
  
</testsuite>

<testsuite name="Root Suite" timestamp="2025-08-15T22:26:50" tests="0" file="cypress\e2e\secondTest.spec.js" time="0.000" failures="0"></testsuite>
<testsuite name="Test log out" timestamp="2025-08-15T22:26:50" tests="1" time="2.168" failures="0">
  
  <testcase name="Test log out verify use can log out successfully" time="2.108" classname="verify use can log out successfully"></testcase>
  
</testsuite>

</testsuites>